<?xml version="1.0" encoding="UTF-8"?>
<!-- Generated by org.testng.reporters.JUnitReportReporter -->
<testsuite hostname="LAPTOP-E24LKBUN" failures="0" tests="3" name="com.pom.tests.LoginTest" time="0.523" errors="0" timestamp="18 Jan 2025 09:35:34 GMT" skipped="0">
  <testcase classname="com.pom.tests.LoginTest" name="test03" time="0.048"/>
  <testcase classname="com.pom.tests.LoginTest" name="test02" time="0.014"/>
  <testcase classname="com.pom.tests.LoginTest" name="test01" time="0.461"/>
</testsuite> <!-- com.pom.tests.LoginTest -->
